Channel DNA 1 (0) processed, no background subtraction
Channel Na/K ATPase (1) processed, no background subtraction
Channel CD3 (2) processed, no background subtraction
Channel CD45RO (3) processed, no background subtraction
Channel DNA 2 (4) processed, no background subtraction
Channel Antigen Ki67 (5) processed, Na/K ATPase background channel subtracted
Channel Pan-cytokeratin (6) processed, CD3 background channel subtracted
Channel Aortic smooth muscle actin (7) processed, CD45RO background channel subtracted

Image shape: (7, 470, 591)
id='Image:0' pixels=Pixels(
   id='Pixels:0',
   dimension_order='XYCZT',
   size_c=8,
   size_t=1,
   size_x=591,
   size_y=470,
   size_z=1,
   type='uint16',
   channels=[<8 Channels>],
   physical_size_x=0.65,
   physical_size_y=0.65,
   tiff_data_blocks=[<1 Tiff_Data_Blocks>],
) acquisition_date=None annotation_ref=[] description=None experiment_ref=None experimenter_group_ref=None experimenter_ref=None imaging_environment=None instrument_ref=None microbeam_manipulation_ref=[] name='Image0' objective_settings=None roi_ref=[] stage_label=None

Script finished in 0m 2s
